<?xml version="1.0" encoding="UTF-8"?>
<!-- Generated by org.testng.reporters.JUnitReportReporter -->
<testsuite name="com.automation.testcase.LoginTestCRM" tests="1" time="14.864" ignored="0" failures="0" timestamp="14 Mar 2022 16:05:13 GMT" skipped="0" hostname="LAPTOP-J365QQV5" errors="0">
  <testcase name="loginApp" time="14.864" classname="com.automation.testcase.LoginTestCRM"/>
</testsuite> <!-- com.automation.testcase.LoginTestCRM -->
