<?xml version="1.0" encoding="UTF-8"?>
<!-- Generated by org.testng.reporters.JUnitReportReporter -->
<testsuite name="com.automation.testcase.TestCaseWithoutFrameWork1" tests="1" time="22.501" ignored="0" failures="0" timestamp="14 Mar 2022 16:03:20 GMT" skipped="0" hostname="LAPTOP-J365QQV5" errors="0">
  <testcase name="test1" time="22.501" classname="com.automation.testcase.TestCaseWithoutFrameWork1"/>
</testsuite> <!-- com.automation.testcase.TestCaseWithoutFrameWork1 -->
